{ resultSVO: 
   { atptOfcdcScCode: '',
     comData: 
      { method: 'listSchul',
        globCorpCd: '',
        resultMsg: '',
        dept: '',
        userId: '',
        ip: '',
        resultCode: '',
        commitYn: '',
        lang: '',
        useSession: '',
        voId: 'edusys.pa.spr.ccm.cm.svc.SprCcmCm01M00SVO',
        svcId: 'edusys.pa.spr.ccm.cm.svc.SprCcmCm01M00SVC',
        testExeSeq: '' },
     commitYn: '',
     data: 
      { kraOrgNm: '덕인',
        insttClsfCode: '',
        fondScCode: '',
        srCode: '',
        atptOfcdcScCode: '',
        orgDVOList: [Array] },
     dept: '',
     flag: '',
     fondScCode: '',
     globCorpCd: '',
     insttClsfCode: '',
     ip: '',
     kraOrgNm: '덕인',
     lang: '',
     method: 'listSchul',
     orgDVOList: [ [Object], [Object] ],
     requestSenderID: '',
     requestTargetAction: '',
     resultCode: '',
     resultMsg: '',
     srCode: '',
     svcId: 'edusys.pa.spr.ccm.cm.svc.SprCcmCm01M00SVC',
     terminalType: '',
     testExeSeq: '',
     transactionID: '',
     useSession: '',
     userId: '',
     voId: 'edusys.pa.spr.ccm.cm.svc.SprCcmCm01M00SVO' },
  action_title: '학교찾기' }
{ resultSVO: 
   { atptOfcdcScCode: '',
     comData: 
      { method: 'listSchul',
        globCorpCd: '',
        resultMsg: '',
        dept: '',
        userId: '',
        ip: '',
        resultCode: '',
        commitYn: '',
        lang: '',
        useSession: '',
        voId: 'edusys.pa.spr.ccm.cm.svc.SprCcmCm01M00SVO',
        svcId: 'edusys.pa.spr.ccm.cm.svc.SprCcmCm01M00SVC',
        testExeSeq: '' },
     commitYn: '',
     data: 
      { kraOrgNm: '덕인',
        insttClsfCode: '',
        fondScCode: '',
        srCode: '',
        atptOfcdcScCode: '',
        orgDVOList: [] },
     dept: '',
     flag: '',
     fondScCode: '',
     globCorpCd: '',
     insttClsfCode: '',
     ip: '',
     kraOrgNm: '덕인',
     lang: '',
     method: 'listSchul',
     orgDVOList: [],
     requestSenderID: '',
     requestTargetAction: '',
     resultCode: '',
     resultMsg: '',
     srCode: '',
     svcId: 'edusys.pa.spr.ccm.cm.svc.SprCcmCm01M00SVC',
     terminalType: '',
     testExeSeq: '',
     transactionID: '',
     useSession: '',
     userId: '',
     voId: 'edusys.pa.spr.ccm.cm.svc.SprCcmCm01M00SVO' },
  action_title: '학교찾기' }
{ resultSVO: 
   { atptOfcdcScCode: '',
     comData: 
      { method: 'listSchul',
        globCorpCd: '',
        resultMsg: '',
        dept: '',
        userId: '',
        ip: '',
        resultCode: '',
        commitYn: '',
        lang: '',
        useSession: '',
        voId: 'edusys.pa.spr.ccm.cm.svc.SprCcmCm01M00SVO',
        svcId: 'edusys.pa.spr.ccm.cm.svc.SprCcmCm01M00SVC',
        testExeSeq: '' },
     commitYn: '',
     data: 
      { kraOrgNm: '덕인',
        insttClsfCode: '',
        fondScCode: '',
        srCode: '',
        atptOfcdcScCode: '',
        orgDVOList: [] },
     dept: '',
     flag: '',
     fondScCode: '',
     globCorpCd: '',
     insttClsfCode: '',
     ip: '',
     kraOrgNm: '덕인',
     lang: '',
     method: 'listSchul',
     orgDVOList: [],
     requestSenderID: '',
     requestTargetAction: '',
     resultCode: '',
     resultMsg: '',
     srCode: '',
     svcId: 'edusys.pa.spr.ccm.cm.svc.SprCcmCm01M00SVC',
     terminalType: '',
     testExeSeq: '',
     transactionID: '',
     useSession: '',
     userId: '',
     voId: 'edusys.pa.spr.ccm.cm.svc.SprCcmCm01M00SVO' },
  action_title: '학교찾기' }
{ resultSVO: 
   { atptOfcdcScCode: '',
     comData: 
      { method: 'listSchul',
        globCorpCd: '',
        resultMsg: '',
        dept: '',
        userId: '',
        ip: '',
        resultCode: '',
        commitYn: '',
        lang: '',
        useSession: '',
        voId: 'edusys.pa.spr.ccm.cm.svc.SprCcmCm01M00SVO',
        svcId: 'edusys.pa.spr.ccm.cm.svc.SprCcmCm01M00SVC',
        testExeSeq: '' },
     commitYn: '',
     data: 
      { kraOrgNm: '덕인',
        insttClsfCode: '',
        fondScCode: '',
        srCode: '',
        atptOfcdcScCode: '',
        orgDVOList: [] },
     dept: '',
     flag: '',
     fondScCode: '',
     globCorpCd: '',
     insttClsfCode: '',
     ip: '',
     kraOrgNm: '덕인',
     lang: '',
     method: 'listSchul',
     orgDVOList: [],
     requestSenderID: '',
     requestTargetAction: '',
     resultCode: '',
     resultMsg: '',
     srCode: '',
     svcId: 'edusys.pa.spr.ccm.cm.svc.SprCcmCm01M00SVC',
     terminalType: '',
     testExeSeq: '',
     transactionID: '',
     useSession: '',
     userId: '',
     voId: 'edusys.pa.spr.ccm.cm.svc.SprCcmCm01M00SVO' },
  action_title: '학교찾기' }
{ resultSVO: 
   { atptOfcdcScCode: '',
     comData: 
      { method: 'listSchul',
        globCorpCd: '',
        resultMsg: '',
        dept: '',
        userId: '',
        ip: '',
        resultCode: '',
        commitYn: '',
        lang: '',
        useSession: '',
        voId: 'edusys.pa.spr.ccm.cm.svc.SprCcmCm01M00SVO',
        svcId: 'edusys.pa.spr.ccm.cm.svc.SprCcmCm01M00SVC',
        testExeSeq: '' },
     commitYn: '',
     data: 
      { kraOrgNm: '덕인',
        insttClsfCode: '',
        fondScCode: '',
        srCode: '',
        atptOfcdcScCode: '',
        orgDVOList: [] },
     dept: '',
     flag: '',
     fondScCode: '',
     globCorpCd: '',
     insttClsfCode: '',
     ip: '',
     kraOrgNm: '덕인',
     lang: '',
     method: 'listSchul',
     orgDVOList: [],
     requestSenderID: '',
     requestTargetAction: '',
     resultCode: '',
     resultMsg: '',
     srCode: '',
     svcId: 'edusys.pa.spr.ccm.cm.svc.SprCcmCm01M00SVC',
     terminalType: '',
     testExeSeq: '',
     transactionID: '',
     useSession: '',
     userId: '',
     voId: 'edusys.pa.spr.ccm.cm.svc.SprCcmCm01M00SVO' },
  action_title: '학교찾기' }
{ resultSVO: 
   { atptOfcdcScCode: '',
     comData: 
      { method: 'listSchul',
        globCorpCd: '',
        resultMsg: '',
        dept: '',
        userId: '',
        ip: '',
        resultCode: '',
        commitYn: '',
        lang: '',
        useSession: '',
        voId: 'edusys.pa.spr.ccm.cm.svc.SprCcmCm01M00SVO',
        svcId: 'edusys.pa.spr.ccm.cm.svc.SprCcmCm01M00SVC',
        testExeSeq: '' },
     commitYn: '',
     data: 
      { kraOrgNm: '덕인',
        insttClsfCode: '',
        fondScCode: '',
        srCode: '',
        atptOfcdcScCode: '',
        orgDVOList: [] },
     dept: '',
     flag: '',
     fondScCode: '',
     globCorpCd: '',
     insttClsfCode: '',
     ip: '',
     kraOrgNm: '덕인',
     lang: '',
     method: 'listSchul',
     orgDVOList: [],
     requestSenderID: '',
     requestTargetAction: '',
     resultCode: '',
     resultMsg: '',
     srCode: '',
     svcId: 'edusys.pa.spr.ccm.cm.svc.SprCcmCm01M00SVC',
     terminalType: '',
     testExeSeq: '',
     transactionID: '',
     useSession: '',
     userId: '',
     voId: 'edusys.pa.spr.ccm.cm.svc.SprCcmCm01M00SVO' },
  action_title: '학교찾기' }
{ resultSVO: 
   { atptOfcdcScCode: '',
     comData: 
      { method: 'listSchul',
        globCorpCd: '',
        resultMsg: '',
        dept: '',
        userId: '',
        ip: '',
        resultCode: '',
        commitYn: '',
        lang: '',
        useSession: '',
        voId: 'edusys.pa.spr.ccm.cm.svc.SprCcmCm01M00SVO',
        svcId: 'edusys.pa.spr.ccm.cm.svc.SprCcmCm01M00SVC',
        testExeSeq: '' },
     commitYn: '',
     data: 
      { kraOrgNm: '덕인',
        insttClsfCode: '',
        fondScCode: '',
        srCode: '',
        atptOfcdcScCode: '',
        orgDVOList: [Array] },
     dept: '',
     flag: '',
     fondScCode: '',
     globCorpCd: '',
     insttClsfCode: '',
     ip: '',
     kraOrgNm: '덕인',
     lang: '',
     method: 'listSchul',
     orgDVOList: [ [Object], [Object] ],
     requestSenderID: '',
     requestTargetAction: '',
     resultCode: '',
     resultMsg: '',
     srCode: '',
     svcId: 'edusys.pa.spr.ccm.cm.svc.SprCcmCm01M00SVC',
     terminalType: '',
     testExeSeq: '',
     transactionID: '',
     useSession: '',
     userId: '',
     voId: 'edusys.pa.spr.ccm.cm.svc.SprCcmCm01M00SVO' },
  action_title: '학교찾기' }
{ resultSVO: 
   { atptOfcdcScCode: '',
     comData: 
      { method: 'listSchul',
        globCorpCd: '',
        resultMsg: '',
        dept: '',
        userId: '',
        ip: '',
        resultCode: '',
        commitYn: '',
        lang: '',
        useSession: '',
        voId: 'edusys.pa.spr.ccm.cm.svc.SprCcmCm01M00SVO',
        svcId: 'edusys.pa.spr.ccm.cm.svc.SprCcmCm01M00SVC',
        testExeSeq: '' },
     commitYn: '',
     data: 
      { kraOrgNm: '덕인',
        insttClsfCode: '',
        fondScCode: '',
        srCode: '',
        atptOfcdcScCode: '',
        orgDVOList: [Array] },
     dept: '',
     flag: '',
     fondScCode: '',
     globCorpCd: '',
     insttClsfCode: '',
     ip: '',
     kraOrgNm: '덕인',
     lang: '',
     method: 'listSchul',
     orgDVOList: [ [Object] ],
     requestSenderID: '',
     requestTargetAction: '',
     resultCode: '',
     resultMsg: '',
     srCode: '',
     svcId: 'edusys.pa.spr.ccm.cm.svc.SprCcmCm01M00SVC',
     terminalType: '',
     testExeSeq: '',
     transactionID: '',
     useSession: '',
     userId: '',
     voId: 'edusys.pa.spr.ccm.cm.svc.SprCcmCm01M00SVO' },
  action_title: '학교찾기' }
{ resultSVO: 
   { atptOfcdcScCode: '',
     comData: 
      { method: 'listSchul',
        globCorpCd: '',
        resultMsg: '',
        dept: '',
        userId: '',
        ip: '',
        resultCode: '',
        commitYn: '',
        lang: '',
        useSession: '',
        voId: 'edusys.pa.spr.ccm.cm.svc.SprCcmCm01M00SVO',
        svcId: 'edusys.pa.spr.ccm.cm.svc.SprCcmCm01M00SVC',
        testExeSeq: '' },
     commitYn: '',
     data: 
      { kraOrgNm: '덕인',
        insttClsfCode: '',
        fondScCode: '',
        srCode: '',
        atptOfcdcScCode: '',
        orgDVOList: [] },
     dept: '',
     flag: '',
     fondScCode: '',
     globCorpCd: '',
     insttClsfCode: '',
     ip: '',
     kraOrgNm: '덕인',
     lang: '',
     method: 'listSchul',
     orgDVOList: [],
     requestSenderID: '',
     requestTargetAction: '',
     resultCode: '',
     resultMsg: '',
     srCode: '',
     svcId: 'edusys.pa.spr.ccm.cm.svc.SprCcmCm01M00SVC',
     terminalType: '',
     testExeSeq: '',
     transactionID: '',
     useSession: '',
     userId: '',
     voId: 'edusys.pa.spr.ccm.cm.svc.SprCcmCm01M00SVO' },
  action_title: '학교찾기' }
{ resultSVO: 
   { atptOfcdcScCode: '',
     comData: 
      { method: 'listSchul',
        globCorpCd: '',
        resultMsg: '',
        dept: '',
        userId: '',
        ip: '',
        resultCode: '',
        commitYn: '',
        lang: '',
        useSession: '',
        voId: 'edusys.pa.spr.ccm.cm.svc.SprCcmCm01M00SVO',
        svcId: 'edusys.pa.spr.ccm.cm.svc.SprCcmCm01M00SVC',
        testExeSeq: '' },
     commitYn: '',
     data: 
      { kraOrgNm: '덕인',
        insttClsfCode: '',
        fondScCode: '',
        srCode: '',
        atptOfcdcScCode: '',
        orgDVOList: [] },
     dept: '',
     flag: '',
     fondScCode: '',
     globCorpCd: '',
     insttClsfCode: '',
     ip: '',
     kraOrgNm: '덕인',
     lang: '',
     method: 'listSchul',
     orgDVOList: [],
     requestSenderID: '',
     requestTargetAction: '',
     resultCode: '',
     resultMsg: '',
     srCode: '',
     svcId: 'edusys.pa.spr.ccm.cm.svc.SprCcmCm01M00SVC',
     terminalType: '',
     testExeSeq: '',
     transactionID: '',
     useSession: '',
     userId: '',
     voId: 'edusys.pa.spr.ccm.cm.svc.SprCcmCm01M00SVO' },
  action_title: '학교찾기' }
{ resultSVO: 
   { atptOfcdcScCode: '',
     comData: 
      { method: 'listSchul',
        globCorpCd: '',
        resultMsg: '',
        dept: '',
        userId: '',
        ip: '',
        resultCode: '',
        commitYn: '',
        lang: '',
        useSession: '',
        voId: 'edusys.pa.spr.ccm.cm.svc.SprCcmCm01M00SVO',
        svcId: 'edusys.pa.spr.ccm.cm.svc.SprCcmCm01M00SVC',
        testExeSeq: '' },
     commitYn: '',
     data: 
      { kraOrgNm: '덕인',
        insttClsfCode: '',
        fondScCode: '',
        srCode: '',
        atptOfcdcScCode: '',
        orgDVOList: [] },
     dept: '',
     flag: '',
     fondScCode: '',
     globCorpCd: '',
     insttClsfCode: '',
     ip: '',
     kraOrgNm: '덕인',
     lang: '',
     method: 'listSchul',
     orgDVOList: [],
     requestSenderID: '',
     requestTargetAction: '',
     resultCode: '',
     resultMsg: '',
     srCode: '',
     svcId: 'edusys.pa.spr.ccm.cm.svc.SprCcmCm01M00SVC',
     terminalType: '',
     testExeSeq: '',
     transactionID: '',
     useSession: '',
     userId: '',
     voId: 'edusys.pa.spr.ccm.cm.svc.SprCcmCm01M00SVO' },
  action_title: '학교찾기' }
{ resultSVO: 
   { atptOfcdcScCode: '',
     comData: 
      { method: 'listSchul',
        globCorpCd: '',
        resultMsg: '',
        dept: '',
        userId: '',
        ip: '',
        resultCode: '',
        commitYn: '',
        lang: '',
        useSession: '',
        voId: 'edusys.pa.spr.ccm.cm.svc.SprCcmCm01M00SVO',
        svcId: 'edusys.pa.spr.ccm.cm.svc.SprCcmCm01M00SVC',
        testExeSeq: '' },
     commitYn: '',
     data: 
      { kraOrgNm: '덕인',
        insttClsfCode: '',
        fondScCode: '',
        srCode: '',
        atptOfcdcScCode: '',
        orgDVOList: [] },
     dept: '',
     flag: '',
     fondScCode: '',
     globCorpCd: '',
     insttClsfCode: '',
     ip: '',
     kraOrgNm: '덕인',
     lang: '',
     method: 'listSchul',
     orgDVOList: [],
     requestSenderID: '',
     requestTargetAction: '',
     resultCode: '',
     resultMsg: '',
     srCode: '',
     svcId: 'edusys.pa.spr.ccm.cm.svc.SprCcmCm01M00SVC',
     terminalType: '',
     testExeSeq: '',
     transactionID: '',
     useSession: '',
     userId: '',
     voId: 'edusys.pa.spr.ccm.cm.svc.SprCcmCm01M00SVO' },
  action_title: '학교찾기' }
{ resultSVO: 
   { atptOfcdcScCode: '',
     comData: 
      { method: 'listSchul',
        globCorpCd: '',
        resultMsg: '',
        dept: '',
        userId: '',
        ip: '',
        resultCode: '',
        commitYn: '',
        lang: '',
        useSession: '',
        voId: 'edusys.pa.spr.ccm.cm.svc.SprCcmCm01M00SVO',
        svcId: 'edusys.pa.spr.ccm.cm.svc.SprCcmCm01M00SVC',
        testExeSeq: '' },
     commitYn: '',
     data: 
      { kraOrgNm: '덕인',
        insttClsfCode: '',
        fondScCode: '',
        srCode: '',
        atptOfcdcScCode: '',
        orgDVOList: [] },
     dept: '',
     flag: '',
     fondScCode: '',
     globCorpCd: '',
     insttClsfCode: '',
     ip: '',
     kraOrgNm: '덕인',
     lang: '',
     method: 'listSchul',
     orgDVOList: [],
     requestSenderID: '',
     requestTargetAction: '',
     resultCode: '',
     resultMsg: '',
     srCode: '',
     svcId: 'edusys.pa.spr.ccm.cm.svc.SprCcmCm01M00SVC',
     terminalType: '',
     testExeSeq: '',
     transactionID: '',
     useSession: '',
     userId: '',
     voId: 'edusys.pa.spr.ccm.cm.svc.SprCcmCm01M00SVO' },
  action_title: '학교찾기' }
{ resultSVO: 
   { atptOfcdcScCode: '',
     comData: 
      { method: 'listSchul',
        globCorpCd: '',
        resultMsg: '',
        dept: '',
        userId: '',
        ip: '',
        resultCode: '',
        commitYn: '',
        lang: '',
        useSession: '',
        voId: 'edusys.pa.spr.ccm.cm.svc.SprCcmCm01M00SVO',
        svcId: 'edusys.pa.spr.ccm.cm.svc.SprCcmCm01M00SVC',
        testExeSeq: '' },
     commitYn: '',
     data: 
      { kraOrgNm: '덕인',
        insttClsfCode: '',
        fondScCode: '',
        srCode: '',
        atptOfcdcScCode: '',
        orgDVOList: [] },
     dept: '',
     flag: '',
     fondScCode: '',
     globCorpCd: '',
     insttClsfCode: '',
     ip: '',
     kraOrgNm: '덕인',
     lang: '',
     method: 'listSchul',
     orgDVOList: [],
     requestSenderID: '',
     requestTargetAction: '',
     resultCode: '',
     resultMsg: '',
     srCode: '',
     svcId: 'edusys.pa.spr.ccm.cm.svc.SprCcmCm01M00SVC',
     terminalType: '',
     testExeSeq: '',
     transactionID: '',
     useSession: '',
     userId: '',
     voId: 'edusys.pa.spr.ccm.cm.svc.SprCcmCm01M00SVO' },
  action_title: '학교찾기' }
{ resultSVO: 
   { atptOfcdcScCode: '',
     comData: 
      { method: 'listSchul',
        globCorpCd: '',
        resultMsg: '',
        dept: '',
        userId: '',
        ip: '',
        resultCode: '',
        commitYn: '',
        lang: '',
        useSession: '',
        voId: 'edusys.pa.spr.ccm.cm.svc.SprCcmCm01M00SVO',
        svcId: 'edusys.pa.spr.ccm.cm.svc.SprCcmCm01M00SVC',
        testExeSeq: '' },
     commitYn: '',
     data: 
      { kraOrgNm: '덕인',
        insttClsfCode: '',
        fondScCode: '',
        srCode: '',
        atptOfcdcScCode: '',
        orgDVOList: [] },
     dept: '',
     flag: '',
     fondScCode: '',
     globCorpCd: '',
     insttClsfCode: '',
     ip: '',
     kraOrgNm: '덕인',
     lang: '',
     method: 'listSchul',
     orgDVOList: [],
     requestSenderID: '',
     requestTargetAction: '',
     resultCode: '',
     resultMsg: '',
     srCode: '',
     svcId: 'edusys.pa.spr.ccm.cm.svc.SprCcmCm01M00SVC',
     terminalType: '',
     testExeSeq: '',
     transactionID: '',
     useSession: '',
     userId: '',
     voId: 'edusys.pa.spr.ccm.cm.svc.SprCcmCm01M00SVO' },
  action_title: '학교찾기' }
{ resultSVO: 
   { atptOfcdcScCode: '',
     comData: 
      { method: 'listSchul',
        globCorpCd: '',
        resultMsg: '',
        dept: '',
        userId: '',
        ip: '',
        resultCode: '',
        commitYn: '',
        lang: '',
        useSession: '',
        voId: 'edusys.pa.spr.ccm.cm.svc.SprCcmCm01M00SVO',
        svcId: 'edusys.pa.spr.ccm.cm.svc.SprCcmCm01M00SVC',
        testExeSeq: '' },
     commitYn: '',
     data: 
      { kraOrgNm: '덕인',
        insttClsfCode: '',
        fondScCode: '',
        srCode: '',
        atptOfcdcScCode: '',
        orgDVOList: [] },
     dept: '',
     flag: '',
     fondScCode: '',
     globCorpCd: '',
     insttClsfCode: '',
     ip: '',
     kraOrgNm: '덕인',
     lang: '',
     method: 'listSchul',
     orgDVOList: [],
     requestSenderID: '',
     requestTargetAction: '',
     resultCode: '',
     resultMsg: '',
     srCode: '',
     svcId: 'edusys.pa.spr.ccm.cm.svc.SprCcmCm01M00SVC',
     terminalType: '',
     testExeSeq: '',
     transactionID: '',
     useSession: '',
     userId: '',
     voId: 'edusys.pa.spr.ccm.cm.svc.SprCcmCm01M00SVO' },
  action_title: '학교찾기' }
{ resultSVO: 
   { atptOfcdcScCode: '',
     comData: 
      { method: 'listSchul',
        globCorpCd: '',
        resultMsg: '',
        dept: '',
        userId: '',
        ip: '',
        resultCode: '',
        commitYn: '',
        lang: '',
        useSession: '',
        voId: 'edusys.pa.spr.ccm.cm.svc.SprCcmCm01M00SVO',
        svcId: 'edusys.pa.spr.ccm.cm.svc.SprCcmCm01M00SVC',
        testExeSeq: '' },
     commitYn: '',
     data: 
      { kraOrgNm: '덕인',
        insttClsfCode: '',
        fondScCode: '',
        srCode: '',
        atptOfcdcScCode: '',
        orgDVOList: [] },
     dept: '',
     flag: '',
     fondScCode: '',
     globCorpCd: '',
     insttClsfCode: '',
     ip: '',
     kraOrgNm: '덕인',
     lang: '',
     method: 'listSchul',
     orgDVOList: [],
     requestSenderID: '',
     requestTargetAction: '',
     resultCode: '',
     resultMsg: '',
     srCode: '',
     svcId: 'edusys.pa.spr.ccm.cm.svc.SprCcmCm01M00SVC',
     terminalType: '',
     testExeSeq: '',
     transactionID: '',
     useSession: '',
     userId: '',
     voId: 'edusys.pa.spr.ccm.cm.svc.SprCcmCm01M00SVO' },
  action_title: '학교찾기' }
